  cube.cpp
C:\Users\duyqu\source\repos\Project5\cube.cpp(42,77): warning C4305: "Initialisierung": Verkürzung von "double" in "GLfloat"
  LoadShader.cpp
C:\Users\duyqu\source\repos\Project5\LoadShader.cpp(35,59): warning C4267: "Initialisierung": Konvertierung von "size_t" nach "GLint", Datenverlust möglich
C:\Users\duyqu\source\repos\Project5\LoadShader.cpp(35,59): warning C4267: "Initialisierung": Konvertierung von "size_t" nach "const GLint", Datenverlust möglich
C:\Users\duyqu\source\repos\Project5\LoadShader.cpp(90,63): warning C4267: "Initialisierung": Konvertierung von "size_t" nach "GLint", Datenverlust möglich
C:\Users\duyqu\source\repos\Project5\LoadShader.cpp(90,63): warning C4267: "Initialisierung": Konvertierung von "size_t" nach "const GLint", Datenverlust möglich
C:\Users\duyqu\source\repos\Project5\LoadShader.cpp(118,69): warning C4267: "Initialisierung": Konvertierung von "size_t" nach "GLint", Datenverlust möglich
C:\Users\duyqu\source\repos\Project5\LoadShader.cpp(118,69): warning C4267: "Initialisierung": Konvertierung von "size_t" nach "const GLint", Datenverlust möglich
C:\Users\duyqu\source\repos\Project5\LoadShader.cpp(146,75): warning C4267: "Initialisierung": Konvertierung von "size_t" nach "GLint", Datenverlust möglich
C:\Users\duyqu\source\repos\Project5\LoadShader.cpp(146,75): warning C4267: "Initialisierung": Konvertierung von "size_t" nach "const GLint", Datenverlust möglich
C:\Users\duyqu\source\repos\Project5\LoadShader.cpp(174,61): warning C4267: "Initialisierung": Konvertierung von "size_t" nach "GLint", Datenverlust möglich
C:\Users\duyqu\source\repos\Project5\LoadShader.cpp(174,61): warning C4267: "Initialisierung": Konvertierung von "size_t" nach "const GLint", Datenverlust möglich
  main.cpp
C:\Users\duyqu\source\repos\Project5\main.cpp(77,15): warning C4305: "+=": Verkürzung von "double" in "GLfloat"
  pyramid.cpp
C:\Users\duyqu\source\repos\Project5\pyramid.cpp(29,82): warning C4305: "Initialisierung": Verkürzung von "double" in "GLfloat"
  Code wird generiert.
  Previous IPDB not found, fall back to full compilation.
  All 263 functions were compiled because no usable IPDB/IOBJ from previous compilation was found.
  Codegenerierung ist abgeschlossen.
  Project5.vcxproj -> C:\Users\duyqu\source\repos\Project5\x64\Release\Project5.exe
